2019/12/08 16:10:10 Starting cygwin install, version 2.897
2019/12/08 16:10:10 User has backup/restore rights
2019/12/08 16:10:10 io_stream_cygfile: fopen(/etc/setup/setup.rc) failed 2 No such file or directory
2019/12/08 16:10:10 Current Directory: E:\GoogleCloudSDKInstaller
2019/12/08 16:10:10 Could not open service McShield for query, start and stop. McAfee may not be installed, or we don't have access.
2019/12/08 16:10:25 source: network install
2019/12/08 16:11:33 root: E:\cywin64 system
2019/12/08 16:12:01 Selected local directory: E:\GoogleCloudSDKInstaller
2019/12/08 16:12:05 net: Preconfig
2019/12/08 16:12:15 site: http://cygwin.mirror.constant.com/
2019/12/08 16:12:15 HTTP status 404 fetching http://cygwin.mirror.constant.com/x86_64/setup.zst.sig
2019/12/08 16:12:15 HTTP status 404 fetching http://cygwin.mirror.constant.com/x86_64/setup.zst
2019/12/08 16:12:17 io_stream_cygfile: fopen(/etc/setup/timestamp) failed 2 No such file or directory
2019/12/08 16:12:17 io_stream_cygfile: fopen(/etc/setup/installed.db) failed 2 No such file or directory
2019/12/08 16:12:17 solving: 37 tasks, update: yes, use test packages: no
2019/12/08 16:12:32 solving: 72 tasks, update: no, use test packages: no
2019/12/08 16:12:32 Augmented Transaction List:
2019/12/08 16:12:32    0 install                                     base-cygwin               3.8-1
2019/12/08 16:12:32    1 install                                          cygwin             3.0.7-1
2019/12/08 16:12:32    2 install                                    libpipeline1             1.5.1-1
2019/12/08 16:12:32    3 install                                  libpopt-common              1.16-2
2019/12/08 16:12:32    4 install                                        terminfo      6.1-1.20190727
2019/12/08 16:12:32    5 install                                          tzdata             2019c-1
2019/12/08 16:12:32    6 install                                           zlib0            1.2.11-1
2019/12/08 16:12:32    7 install                                           which              2.20-2
2019/12/08 16:12:32    8 install                                             run             1.3.4-2
2019/12/08 16:12:32    9 install                                          mintty             3.1.0-1
2019/12/08 16:12:32   10 install                                           login              1.13-1
2019/12/08 16:12:32   11 install                                      libtasn1_6              4.14-1
2019/12/08 16:12:32   12 install                                     libsigsegv2              2.10-2
2019/12/08 16:12:32   13 install                                        libpcre1              8.43-1
2019/12/08 16:12:32   14 install                                        liblzma5             5.2.4-1
2019/12/08 16:12:32   15 install                                       libiconv2              1.14-3
2019/12/08 16:12:32   16 install                                        libgmp10             6.1.2-1
2019/12/08 16:12:32   17 install                                         libgcc1             7.4.0-1
2019/12/08 16:12:32   18 install                                         libffi6             3.2.1-2
2019/12/08 16:12:32   19 install                                        libbz2_1             1.0.8-1
2019/12/08 16:12:32   20 install                                         libargp          20110921-3
2019/12/08 16:12:32   21 install                                       ipc-utils               1.0-2
2019/12/08 16:12:32   22 install                                        hostname              3.13-1
2019/12/08 16:12:32   23 install                                      editrights              1.03-1
2019/12/08 16:12:32   24 install                                            dash           0.5.9.1-1
2019/12/08 16:12:32   25 install                                  terminfo-extra      6.1-1.20190727
2019/12/08 16:12:32   26 install                                            file              5.32-1
2019/12/08 16:12:32   27 install                                        libintl8          0.19.8.1-2
2019/12/08 16:12:32   28 install                                      libstdc++6             7.4.0-1
2019/12/08 16:12:32   29 install                                        libmpfr6             4.0.2-1
2019/12/08 16:12:32   30 install                                          getent           2.18.90-4
2019/12/08 16:12:32   31 install                                     _autorebase            001007-1
2019/12/08 16:12:32   32 install                                   libncursesw10      6.1-1.20190727
2019/12/08 16:12:32   33 install                                             sed               4.4-1
2019/12/08 16:12:32   34 install                                        libuuid1            2.33.1-1
2019/12/08 16:12:32   35 install                                   libsmartcols1            2.33.1-1
2019/12/08 16:12:32   36 install                                        libpopt0              1.16-2
2019/12/08 16:12:32   37 install                                     libp11-kit0           0.23.15-1
2019/12/08 16:12:32   38 install                                        libiconv              1.14-3
2019/12/08 16:12:32   39 install                                        libgdbm4              1.13-1
2019/12/08 16:12:32   40 install                                        libattr1            2.4.48-2
2019/12/08 16:12:32   41 install                                       diffutils               3.5-2
2019/12/08 16:12:32   42 install                                    alternatives          1.3.30c-10
2019/12/08 16:12:32   43 install                                     vim-minimal          8.1.1772-1
2019/12/08 16:12:32   44 install                                         ncurses      6.1-1.20190727
2019/12/08 16:12:32   45 install                                    libreadline7             7.0.3-3
2019/12/08 16:12:32   46 install                                            less               530-1
2019/12/08 16:12:32   47 install                                            info               6.7-1
2019/12/08 16:12:32   48 install                                       libblkid1            2.33.1-1
2019/12/08 16:12:32   49 install                                        cygutils            1.4.16-2
2019/12/08 16:12:32   50 install                                   p11-kit-trust           0.23.15-1
2019/12/08 16:12:32   51 install                                         p11-kit           0.23.15-1
2019/12/08 16:12:32   52 install                                            gawk             5.0.1-1
2019/12/08 16:12:32   53 install                                       coreutils              8.26-2
2019/12/08 16:12:32   54 install                                       libfdisk1            2.33.1-1
2019/12/08 16:12:32   55 install                                            bash            4.4.12-3
2019/12/08 16:12:32   56 install                                      util-linux            2.33.1-1
2019/12/08 16:12:32   57 install                                          tzcode             2019c-1
2019/12/08 16:12:32   58 install                                              xz             5.2.4-1
2019/12/08 16:12:32   59 install                                            gzip               1.8-1
2019/12/08 16:12:32   60 install                                           groff            1.22.4-1
2019/12/08 16:12:32   61 install                                            grep               3.0-2
2019/12/08 16:12:32   62 install                                       findutils             4.6.0-1
2019/12/08 16:12:32   63 install                                 crypto-policies          20190218-1
2019/12/08 16:12:32   64 install                                 ca-certificates              2.32-1
2019/12/08 16:12:32   65 install                                           bzip2             1.0.8-1
2019/12/08 16:12:32   66 install                                          man-db           2.7.6.1-1
2019/12/08 16:12:32   67 install                                          rebase             4.4.4-1
2019/12/08 16:12:32   68 install                                      base-files               4.3-2
2019/12/08 16:12:32   69 install                                       libssl1.1            1.1.1d-1
2019/12/08 16:12:32   70 install                                             tar              1.29-1
2019/12/08 16:12:32   71 install                                         openssl            1.1.1d-1
2019/12/08 16:12:38 Downloaded E:\GoogleCloudSDKInstaller/http%3a%2f%2fcygwin.mirror.constant.com%2f/noarch/release/base-cygwin/base-cygwin-3.8-1.tar.xz
2019/12/08 16:12:38 Downloaded E:\GoogleCloudSDKInstaller/http%3a%2f%2fcygwin.mirror.constant.com%2f/x86_64/release/cygwin/cygwin-3.0.7-1.tar.xz
2019/12/08 16:12:38 Downloaded E:\GoogleCloudSDKInstaller/http%3a%2f%2fcygwin.mirror.constant.com%2f/x86_64/release/libpipeline/libpipeline1/libpipeline1-1.5.1-1.tar.xz
2019/12/08 16:12:38 Downloaded E:\GoogleCloudSDKInstaller/http%3a%2f%2fcygwin.mirror.constant.com%2f/x86_64/release/popt/libpopt-common/libpopt-common-1.16-2.tar.xz
2019/12/08 16:12:38 Downloaded E:\GoogleCloudSDKInstaller/http%3a%2f%2fcygwin.mirror.constant.com%2f/x86_64/release/ncurses/terminfo/terminfo-6.1-1.20190727.tar.xz
2019/12/08 16:12:38 Downloaded E:\GoogleCloudSDKInstaller/http%3a%2f%2fcygwin.mirror.constant.com%2f/noarch/release/tzdata/tzdata-2019c-1.tar.xz
2019/12/08 16:12:38 Downloaded E:\GoogleCloudSDKInstaller/http%3a%2f%2fcygwin.mirror.constant.com%2f/x86_64/release/zlib/zlib0/zlib0-1.2.11-1.tar.xz
2019/12/08 16:12:38 Downloaded E:\GoogleCloudSDKInstaller/http%3a%2f%2fcygwin.mirror.constant.com%2f/x86_64/release/which/which-2.20-2.tar.bz2
2019/12/08 16:12:38 Downloaded E:\GoogleCloudSDKInstaller/http%3a%2f%2fcygwin.mirror.constant.com%2f/x86_64/release/run/run-1.3.4-2.tar.xz
2019/12/08 16:12:38 Downloaded E:\GoogleCloudSDKInstaller/http%3a%2f%2fcygwin.mirror.constant.com%2f/x86_64/release/mintty/mintty-3.1.0-1.tar.xz
2019/12/08 16:12:38 Downloaded E:\GoogleCloudSDKInstaller/http%3a%2f%2fcygwin.mirror.constant.com%2f/x86_64/release/login/login-1.13-1.tar.xz
2019/12/08 16:12:38 Downloaded E:\GoogleCloudSDKInstaller/http%3a%2f%2fcygwin.mirror.constant.com%2f/x86_64/release/libtasn1/libtasn1_6/libtasn1_6-4.14-1.tar.xz
2019/12/08 16:12:38 Downloaded E:\GoogleCloudSDKInstaller/http%3a%2f%2fcygwin.mirror.constant.com%2f/x86_64/release/libsigsegv/libsigsegv2/libsigsegv2-2.10-2.tar.xz
2019/12/08 16:12:38 Downloaded E:\GoogleCloudSDKInstaller/http%3a%2f%2fcygwin.mirror.constant.com%2f/x86_64/release/pcre/libpcre1/libpcre1-8.43-1.tar.xz
2019/12/08 16:12:38 Downloaded E:\GoogleCloudSDKInstaller/http%3a%2f%2fcygwin.mirror.constant.com%2f/x86_64/release/xz/liblzma5/liblzma5-5.2.4-1.tar.xz
2019/12/08 16:12:38 Downloaded E:\GoogleCloudSDKInstaller/http%3a%2f%2fcygwin.mirror.constant.com%2f/x86_64/release/libiconv/libiconv2/libiconv2-1.14-3.tar.xz
2019/12/08 16:12:38 Downloaded E:\GoogleCloudSDKInstaller/http%3a%2f%2fcygwin.mirror.constant.com%2f/x86_64/release/gmp/libgmp10/libgmp10-6.1.2-1.tar.xz
2019/12/08 16:12:38 Downloaded E:\GoogleCloudSDKInstaller/http%3a%2f%2fcygwin.mirror.constant.com%2f/x86_64/release/gcc/libgcc1/libgcc1-7.4.0-1.tar.xz
2019/12/08 16:12:38 Downloaded E:\GoogleCloudSDKInstaller/http%3a%2f%2fcygwin.mirror.constant.com%2f/x86_64/release/libffi/libffi6/libffi6-3.2.1-2.tar.xz
2019/12/08 16:12:39 Downloaded E:\GoogleCloudSDKInstaller/http%3a%2f%2fcygwin.mirror.constant.com%2f/x86_64/release/bzip2/libbz2_1/libbz2_1-1.0.8-1.tar.xz
2019/12/08 16:12:39 Downloaded E:\GoogleCloudSDKInstaller/http%3a%2f%2fcygwin.mirror.constant.com%2f/x86_64/release/libargp/libargp-20110921-3.tar.xz
2019/12/08 16:12:39 Downloaded E:\GoogleCloudSDKInstaller/http%3a%2f%2fcygwin.mirror.constant.com%2f/x86_64/release/ipc-utils/ipc-utils-1.0-2.tar.bz2
2019/12/08 16:12:39 Downloaded E:\GoogleCloudSDKInstaller/http%3a%2f%2fcygwin.mirror.constant.com%2f/x86_64/release/hostname/hostname-3.13-1.tar.bz2
2019/12/08 16:12:39 Downloaded E:\GoogleCloudSDKInstaller/http%3a%2f%2fcygwin.mirror.constant.com%2f/x86_64/release/editrights/editrights-1.03-1.tar.xz
2019/12/08 16:12:39 Downloaded E:\GoogleCloudSDKInstaller/http%3a%2f%2fcygwin.mirror.constant.com%2f/x86_64/release/dash/dash-0.5.9.1-1.tar.xz
2019/12/08 16:12:39 Downloaded E:\GoogleCloudSDKInstaller/http%3a%2f%2fcygwin.mirror.constant.com%2f/x86_64/release/ncurses/terminfo-extra/terminfo-extra-6.1-1.20190727.tar.xz
2019/12/08 16:12:39 Downloaded E:\GoogleCloudSDKInstaller/http%3a%2f%2fcygwin.mirror.constant.com%2f/x86_64/release/file/file-5.32-1.tar.xz
2019/12/08 16:12:39 Downloaded E:\GoogleCloudSDKInstaller/http%3a%2f%2fcygwin.mirror.constant.com%2f/x86_64/release/gettext/libintl8/libintl8-0.19.8.1-2.tar.xz
2019/12/08 16:12:39 Downloaded E:\GoogleCloudSDKInstaller/http%3a%2f%2fcygwin.mirror.constant.com%2f/x86_64/release/gcc/libstdc++6/libstdc++6-7.4.0-1.tar.xz
2019/12/08 16:12:39 Downloaded E:\GoogleCloudSDKInstaller/http%3a%2f%2fcygwin.mirror.constant.com%2f/x86_64/release/mpfr/libmpfr6/libmpfr6-4.0.2-1.tar.xz
2019/12/08 16:12:39 Downloaded E:\GoogleCloudSDKInstaller/http%3a%2f%2fcygwin.mirror.constant.com%2f/x86_64/release/getent/getent-2.18.90-4.tar.xz
2019/12/08 16:12:39 Downloaded E:\GoogleCloudSDKInstaller/http%3a%2f%2fcygwin.mirror.constant.com%2f/noarch/release/_autorebase/_autorebase-001007-1.tar.xz
2019/12/08 16:12:39 Downloaded E:\GoogleCloudSDKInstaller/http%3a%2f%2fcygwin.mirror.constant.com%2f/x86_64/release/ncurses/libncursesw10/libncursesw10-6.1-1.20190727.tar.xz
2019/12/08 16:12:39 Downloaded E:\GoogleCloudSDKInstaller/http%3a%2f%2fcygwin.mirror.constant.com%2f/x86_64/release/sed/sed-4.4-1.tar.xz
2019/12/08 16:12:39 Downloaded E:\GoogleCloudSDKInstaller/http%3a%2f%2fcygwin.mirror.constant.com%2f/x86_64/release/util-linux/libuuid1/libuuid1-2.33.1-1.tar.xz
2019/12/08 16:12:39 Downloaded E:\GoogleCloudSDKInstaller/http%3a%2f%2fcygwin.mirror.constant.com%2f/x86_64/release/util-linux/libsmartcols1/libsmartcols1-2.33.1-1.tar.xz
2019/12/08 16:12:39 Downloaded E:\GoogleCloudSDKInstaller/http%3a%2f%2fcygwin.mirror.constant.com%2f/x86_64/release/popt/libpopt0/libpopt0-1.16-2.tar.xz
2019/12/08 16:12:39 Downloaded E:\GoogleCloudSDKInstaller/http%3a%2f%2fcygwin.mirror.constant.com%2f/x86_64/release/p11-kit/libp11-kit0/libp11-kit0-0.23.15-1.tar.xz
2019/12/08 16:12:40 Downloaded E:\GoogleCloudSDKInstaller/http%3a%2f%2fcygwin.mirror.constant.com%2f/x86_64/release/libiconv/libiconv-1.14-3.tar.xz
2019/12/08 16:12:40 Downloaded E:\GoogleCloudSDKInstaller/http%3a%2f%2fcygwin.mirror.constant.com%2f/x86_64/release/gdbm/libgdbm4/libgdbm4-1.13-1.tar.xz
2019/12/08 16:12:40 Downloaded E:\GoogleCloudSDKInstaller/http%3a%2f%2fcygwin.mirror.constant.com%2f/x86_64/release/attr/libattr1/libattr1-2.4.48-2.tar.xz
2019/12/08 16:12:40 Downloaded E:\GoogleCloudSDKInstaller/http%3a%2f%2fcygwin.mirror.constant.com%2f/x86_64/release/diffutils/diffutils-3.5-2.tar.xz
2019/12/08 16:12:40 Downloaded E:\GoogleCloudSDKInstaller/http%3a%2f%2fcygwin.mirror.constant.com%2f/x86_64/release/alternatives/alternatives-1.3.30c-10.tar.bz2
2019/12/08 16:12:40 Downloaded E:\GoogleCloudSDKInstaller/http%3a%2f%2fcygwin.mirror.constant.com%2f/x86_64/release/vim/vim-minimal/vim-minimal-8.1.1772-1.tar.xz
2019/12/08 16:12:40 Downloaded E:\GoogleCloudSDKInstaller/http%3a%2f%2fcygwin.mirror.constant.com%2f/x86_64/release/ncurses/ncurses-6.1-1.20190727.tar.xz
2019/12/08 16:12:40 Downloaded E:\GoogleCloudSDKInstaller/http%3a%2f%2fcygwin.mirror.constant.com%2f/x86_64/release/readline/libreadline7/libreadline7-7.0.3-3.tar.xz
2019/12/08 16:12:40 Downloaded E:\GoogleCloudSDKInstaller/http%3a%2f%2fcygwin.mirror.constant.com%2f/x86_64/release/less/less-530-1.tar.xz
2019/12/08 16:12:40 Downloaded E:\GoogleCloudSDKInstaller/http%3a%2f%2fcygwin.mirror.constant.com%2f/x86_64/release/texinfo/info/info-6.7-1.tar.xz
2019/12/08 16:12:40 Downloaded E:\GoogleCloudSDKInstaller/http%3a%2f%2fcygwin.mirror.constant.com%2f/x86_64/release/util-linux/libblkid1/libblkid1-2.33.1-1.tar.xz
2019/12/08 16:12:40 Downloaded E:\GoogleCloudSDKInstaller/http%3a%2f%2fcygwin.mirror.constant.com%2f/x86_64/release/cygutils/cygutils-1.4.16-2.tar.xz
2019/12/08 16:12:40 Downloaded E:\GoogleCloudSDKInstaller/http%3a%2f%2fcygwin.mirror.constant.com%2f/x86_64/release/p11-kit/p11-kit-trust/p11-kit-trust-0.23.15-1.tar.xz
2019/12/08 16:12:40 Downloaded E:\GoogleCloudSDKInstaller/http%3a%2f%2fcygwin.mirror.constant.com%2f/x86_64/release/p11-kit/p11-kit-0.23.15-1.tar.xz
2019/12/08 16:12:41 Downloaded E:\GoogleCloudSDKInstaller/http%3a%2f%2fcygwin.mirror.constant.com%2f/x86_64/release/gawk/gawk-5.0.1-1.tar.xz
2019/12/08 16:12:41 Downloaded E:\GoogleCloudSDKInstaller/http%3a%2f%2fcygwin.mirror.constant.com%2f/x86_64/release/coreutils/coreutils-8.26-2.tar.xz
2019/12/08 16:12:41 Downloaded E:\GoogleCloudSDKInstaller/http%3a%2f%2fcygwin.mirror.constant.com%2f/x86_64/release/util-linux/libfdisk1/libfdisk1-2.33.1-1.tar.xz
2019/12/08 16:12:41 Downloaded E:\GoogleCloudSDKInstaller/http%3a%2f%2fcygwin.mirror.constant.com%2f/x86_64/release/bash/bash-4.4.12-3.tar.xz
2019/12/08 16:12:41 Downloaded E:\GoogleCloudSDKInstaller/http%3a%2f%2fcygwin.mirror.constant.com%2f/x86_64/release/util-linux/util-linux-2.33.1-1.tar.xz
2019/12/08 16:12:41 Downloaded E:\GoogleCloudSDKInstaller/http%3a%2f%2fcygwin.mirror.constant.com%2f/x86_64/release/tzcode/tzcode-2019c-1.tar.xz
2019/12/08 16:12:42 Downloaded E:\GoogleCloudSDKInstaller/http%3a%2f%2fcygwin.mirror.constant.com%2f/x86_64/release/xz/xz-5.2.4-1.tar.xz
2019/12/08 16:12:42 Downloaded E:\GoogleCloudSDKInstaller/http%3a%2f%2fcygwin.mirror.constant.com%2f/x86_64/release/gzip/gzip-1.8-1.tar.xz
2019/12/08 16:12:42 Downloaded E:\GoogleCloudSDKInstaller/http%3a%2f%2fcygwin.mirror.constant.com%2f/x86_64/release/groff/groff-1.22.4-1.tar.xz
2019/12/08 16:12:42 Downloaded E:\GoogleCloudSDKInstaller/http%3a%2f%2fcygwin.mirror.constant.com%2f/x86_64/release/grep/grep-3.0-2.tar.xz
2019/12/08 16:12:42 Downloaded E:\GoogleCloudSDKInstaller/http%3a%2f%2fcygwin.mirror.constant.com%2f/x86_64/release/findutils/findutils-4.6.0-1.tar.xz
2019/12/08 16:12:42 Downloaded E:\GoogleCloudSDKInstaller/http%3a%2f%2fcygwin.mirror.constant.com%2f/noarch/release/crypto-policies/crypto-policies-20190218-1.tar.xz
2019/12/08 16:12:42 Downloaded E:\GoogleCloudSDKInstaller/http%3a%2f%2fcygwin.mirror.constant.com%2f/noarch/release/ca-certificates/ca-certificates-2.32-1.tar.xz
2019/12/08 16:12:42 Downloaded E:\GoogleCloudSDKInstaller/http%3a%2f%2fcygwin.mirror.constant.com%2f/x86_64/release/bzip2/bzip2-1.0.8-1.tar.xz
2019/12/08 16:12:42 Downloaded E:\GoogleCloudSDKInstaller/http%3a%2f%2fcygwin.mirror.constant.com%2f/x86_64/release/man-db/man-db-2.7.6.1-1.tar.xz
2019/12/08 16:12:42 Downloaded E:\GoogleCloudSDKInstaller/http%3a%2f%2fcygwin.mirror.constant.com%2f/x86_64/release/rebase/rebase-4.4.4-1.tar.xz
2019/12/08 16:12:42 Downloaded E:\GoogleCloudSDKInstaller/http%3a%2f%2fcygwin.mirror.constant.com%2f/noarch/release/base-files/base-files-4.3-2.tar.xz
2019/12/08 16:12:42 Downloaded E:\GoogleCloudSDKInstaller/http%3a%2f%2fcygwin.mirror.constant.com%2f/x86_64/release/openssl/libssl1.1/libssl1.1-1.1.1d-1.tar.xz
2019/12/08 16:12:43 Downloaded E:\GoogleCloudSDKInstaller/http%3a%2f%2fcygwin.mirror.constant.com%2f/x86_64/release/tar/tar-1.29-1.tar.xz
2019/12/08 16:12:43 Downloaded E:\GoogleCloudSDKInstaller/http%3a%2f%2fcygwin.mirror.constant.com%2f/x86_64/release/openssl/openssl-1.1.1d-1.tar.xz
2019/12/08 16:12:43 Extracting from file://E:\GoogleCloudSDKInstaller/http%3a%2f%2fcygwin.mirror.constant.com%2f/noarch/release/base-cygwin/base-cygwin-3.8-1.tar.xz
2019/12/08 16:12:43 Extracting from file://E:\GoogleCloudSDKInstaller/http%3a%2f%2fcygwin.mirror.constant.com%2f/x86_64/release/cygwin/cygwin-3.0.7-1.tar.xz
2019/12/08 16:12:43 Extracting from file://E:\GoogleCloudSDKInstaller/http%3a%2f%2fcygwin.mirror.constant.com%2f/x86_64/release/libpipeline/libpipeline1/libpipeline1-1.5.1-1.tar.xz
2019/12/08 16:12:43 Extracting from file://E:\GoogleCloudSDKInstaller/http%3a%2f%2fcygwin.mirror.constant.com%2f/x86_64/release/popt/libpopt-common/libpopt-common-1.16-2.tar.xz
2019/12/08 16:12:43 Extracting from file://E:\GoogleCloudSDKInstaller/http%3a%2f%2fcygwin.mirror.constant.com%2f/x86_64/release/ncurses/terminfo/terminfo-6.1-1.20190727.tar.xz
2019/12/08 16:12:44 Extracting from file://E:\GoogleCloudSDKInstaller/http%3a%2f%2fcygwin.mirror.constant.com%2f/noarch/release/tzdata/tzdata-2019c-1.tar.xz
2019/12/08 16:12:50 Extracting from file://E:\GoogleCloudSDKInstaller/http%3a%2f%2fcygwin.mirror.constant.com%2f/x86_64/release/zlib/zlib0/zlib0-1.2.11-1.tar.xz
2019/12/08 16:12:50 Extracting from file://E:\GoogleCloudSDKInstaller/http%3a%2f%2fcygwin.mirror.constant.com%2f/x86_64/release/which/which-2.20-2.tar.bz2
2019/12/08 16:12:50 Extracting from file://E:\GoogleCloudSDKInstaller/http%3a%2f%2fcygwin.mirror.constant.com%2f/x86_64/release/run/run-1.3.4-2.tar.xz
2019/12/08 16:12:50 Extracting from file://E:\GoogleCloudSDKInstaller/http%3a%2f%2fcygwin.mirror.constant.com%2f/x86_64/release/mintty/mintty-3.1.0-1.tar.xz
2019/12/08 16:12:50 Extracting from file://E:\GoogleCloudSDKInstaller/http%3a%2f%2fcygwin.mirror.constant.com%2f/x86_64/release/login/login-1.13-1.tar.xz
2019/12/08 16:12:50 Extracting from file://E:\GoogleCloudSDKInstaller/http%3a%2f%2fcygwin.mirror.constant.com%2f/x86_64/release/libtasn1/libtasn1_6/libtasn1_6-4.14-1.tar.xz
2019/12/08 16:12:50 Extracting from file://E:\GoogleCloudSDKInstaller/http%3a%2f%2fcygwin.mirror.constant.com%2f/x86_64/release/libsigsegv/libsigsegv2/libsigsegv2-2.10-2.tar.xz
2019/12/08 16:12:50 Extracting from file://E:\GoogleCloudSDKInstaller/http%3a%2f%2fcygwin.mirror.constant.com%2f/x86_64/release/pcre/libpcre1/libpcre1-8.43-1.tar.xz
2019/12/08 16:12:50 Extracting from file://E:\GoogleCloudSDKInstaller/http%3a%2f%2fcygwin.mirror.constant.com%2f/x86_64/release/xz/liblzma5/liblzma5-5.2.4-1.tar.xz
2019/12/08 16:12:50 Extracting from file://E:\GoogleCloudSDKInstaller/http%3a%2f%2fcygwin.mirror.constant.com%2f/x86_64/release/libiconv/libiconv2/libiconv2-1.14-3.tar.xz
2019/12/08 16:12:50 Extracting from file://E:\GoogleCloudSDKInstaller/http%3a%2f%2fcygwin.mirror.constant.com%2f/x86_64/release/gmp/libgmp10/libgmp10-6.1.2-1.tar.xz
2019/12/08 16:12:50 Extracting from file://E:\GoogleCloudSDKInstaller/http%3a%2f%2fcygwin.mirror.constant.com%2f/x86_64/release/gcc/libgcc1/libgcc1-7.4.0-1.tar.xz
2019/12/08 16:12:50 Extracting from file://E:\GoogleCloudSDKInstaller/http%3a%2f%2fcygwin.mirror.constant.com%2f/x86_64/release/libffi/libffi6/libffi6-3.2.1-2.tar.xz
2019/12/08 16:12:50 Extracting from file://E:\GoogleCloudSDKInstaller/http%3a%2f%2fcygwin.mirror.constant.com%2f/x86_64/release/bzip2/libbz2_1/libbz2_1-1.0.8-1.tar.xz
2019/12/08 16:12:50 Extracting from file://E:\GoogleCloudSDKInstaller/http%3a%2f%2fcygwin.mirror.constant.com%2f/x86_64/release/libargp/libargp-20110921-3.tar.xz
2019/12/08 16:12:50 Extracting from file://E:\GoogleCloudSDKInstaller/http%3a%2f%2fcygwin.mirror.constant.com%2f/x86_64/release/ipc-utils/ipc-utils-1.0-2.tar.bz2
2019/12/08 16:12:51 Extracting from file://E:\GoogleCloudSDKInstaller/http%3a%2f%2fcygwin.mirror.constant.com%2f/x86_64/release/hostname/hostname-3.13-1.tar.bz2
2019/12/08 16:12:51 Extracting from file://E:\GoogleCloudSDKInstaller/http%3a%2f%2fcygwin.mirror.constant.com%2f/x86_64/release/editrights/editrights-1.03-1.tar.xz
2019/12/08 16:12:51 Extracting from file://E:\GoogleCloudSDKInstaller/http%3a%2f%2fcygwin.mirror.constant.com%2f/x86_64/release/dash/dash-0.5.9.1-1.tar.xz
2019/12/08 16:12:51 Extracting from file://E:\GoogleCloudSDKInstaller/http%3a%2f%2fcygwin.mirror.constant.com%2f/x86_64/release/ncurses/terminfo-extra/terminfo-extra-6.1-1.20190727.tar.xz
2019/12/08 16:13:06 Extracting from file://E:\GoogleCloudSDKInstaller/http%3a%2f%2fcygwin.mirror.constant.com%2f/x86_64/release/file/file-5.32-1.tar.xz
2019/12/08 16:13:06 Extracting from file://E:\GoogleCloudSDKInstaller/http%3a%2f%2fcygwin.mirror.constant.com%2f/x86_64/release/gettext/libintl8/libintl8-0.19.8.1-2.tar.xz
2019/12/08 16:13:06 Extracting from file://E:\GoogleCloudSDKInstaller/http%3a%2f%2fcygwin.mirror.constant.com%2f/x86_64/release/gcc/libstdc++6/libstdc++6-7.4.0-1.tar.xz
2019/12/08 16:13:06 Extracting from file://E:\GoogleCloudSDKInstaller/http%3a%2f%2fcygwin.mirror.constant.com%2f/x86_64/release/mpfr/libmpfr6/libmpfr6-4.0.2-1.tar.xz
2019/12/08 16:13:06 Extracting from file://E:\GoogleCloudSDKInstaller/http%3a%2f%2fcygwin.mirror.constant.com%2f/x86_64/release/getent/getent-2.18.90-4.tar.xz
2019/12/08 16:13:06 Extracting from file://E:\GoogleCloudSDKInstaller/http%3a%2f%2fcygwin.mirror.constant.com%2f/noarch/release/_autorebase/_autorebase-001007-1.tar.xz
2019/12/08 16:13:06 Extracting from file://E:\GoogleCloudSDKInstaller/http%3a%2f%2fcygwin.mirror.constant.com%2f/x86_64/release/ncurses/libncursesw10/libncursesw10-6.1-1.20190727.tar.xz
2019/12/08 16:13:06 Extracting from file://E:\GoogleCloudSDKInstaller/http%3a%2f%2fcygwin.mirror.constant.com%2f/x86_64/release/sed/sed-4.4-1.tar.xz
2019/12/08 16:13:07 Extracting from file://E:\GoogleCloudSDKInstaller/http%3a%2f%2fcygwin.mirror.constant.com%2f/x86_64/release/util-linux/libuuid1/libuuid1-2.33.1-1.tar.xz
2019/12/08 16:13:07 Extracting from file://E:\GoogleCloudSDKInstaller/http%3a%2f%2fcygwin.mirror.constant.com%2f/x86_64/release/util-linux/libsmartcols1/libsmartcols1-2.33.1-1.tar.xz
2019/12/08 16:13:07 Extracting from file://E:\GoogleCloudSDKInstaller/http%3a%2f%2fcygwin.mirror.constant.com%2f/x86_64/release/popt/libpopt0/libpopt0-1.16-2.tar.xz
2019/12/08 16:13:07 Extracting from file://E:\GoogleCloudSDKInstaller/http%3a%2f%2fcygwin.mirror.constant.com%2f/x86_64/release/p11-kit/libp11-kit0/libp11-kit0-0.23.15-1.tar.xz
2019/12/08 16:13:07 Extracting from file://E:\GoogleCloudSDKInstaller/http%3a%2f%2fcygwin.mirror.constant.com%2f/x86_64/release/libiconv/libiconv-1.14-3.tar.xz
2019/12/08 16:13:07 Extracting from file://E:\GoogleCloudSDKInstaller/http%3a%2f%2fcygwin.mirror.constant.com%2f/x86_64/release/gdbm/libgdbm4/libgdbm4-1.13-1.tar.xz
2019/12/08 16:13:07 Extracting from file://E:\GoogleCloudSDKInstaller/http%3a%2f%2fcygwin.mirror.constant.com%2f/x86_64/release/attr/libattr1/libattr1-2.4.48-2.tar.xz
2019/12/08 16:13:07 Extracting from file://E:\GoogleCloudSDKInstaller/http%3a%2f%2fcygwin.mirror.constant.com%2f/x86_64/release/diffutils/diffutils-3.5-2.tar.xz
2019/12/08 16:13:07 Extracting from file://E:\GoogleCloudSDKInstaller/http%3a%2f%2fcygwin.mirror.constant.com%2f/x86_64/release/alternatives/alternatives-1.3.30c-10.tar.bz2
2019/12/08 16:13:08 Extracting from file://E:\GoogleCloudSDKInstaller/http%3a%2f%2fcygwin.mirror.constant.com%2f/x86_64/release/vim/vim-minimal/vim-minimal-8.1.1772-1.tar.xz
2019/12/08 16:13:09 Extracting from file://E:\GoogleCloudSDKInstaller/http%3a%2f%2fcygwin.mirror.constant.com%2f/x86_64/release/ncurses/ncurses-6.1-1.20190727.tar.xz
2019/12/08 16:13:09 Extracting from file://E:\GoogleCloudSDKInstaller/http%3a%2f%2fcygwin.mirror.constant.com%2f/x86_64/release/readline/libreadline7/libreadline7-7.0.3-3.tar.xz
2019/12/08 16:13:09 Extracting from file://E:\GoogleCloudSDKInstaller/http%3a%2f%2fcygwin.mirror.constant.com%2f/x86_64/release/less/less-530-1.tar.xz
2019/12/08 16:13:09 Extracting from file://E:\GoogleCloudSDKInstaller/http%3a%2f%2fcygwin.mirror.constant.com%2f/x86_64/release/texinfo/info/info-6.7-1.tar.xz
2019/12/08 16:13:10 Extracting from file://E:\GoogleCloudSDKInstaller/http%3a%2f%2fcygwin.mirror.constant.com%2f/x86_64/release/util-linux/libblkid1/libblkid1-2.33.1-1.tar.xz
2019/12/08 16:13:10 Extracting from file://E:\GoogleCloudSDKInstaller/http%3a%2f%2fcygwin.mirror.constant.com%2f/x86_64/release/cygutils/cygutils-1.4.16-2.tar.xz
2019/12/08 16:13:10 Extracting from file://E:\GoogleCloudSDKInstaller/http%3a%2f%2fcygwin.mirror.constant.com%2f/x86_64/release/p11-kit/p11-kit-trust/p11-kit-trust-0.23.15-1.tar.xz
2019/12/08 16:13:10 Extracting from file://E:\GoogleCloudSDKInstaller/http%3a%2f%2fcygwin.mirror.constant.com%2f/x86_64/release/p11-kit/p11-kit-0.23.15-1.tar.xz
2019/12/08 16:13:10 Extracting from file://E:\GoogleCloudSDKInstaller/http%3a%2f%2fcygwin.mirror.constant.com%2f/x86_64/release/gawk/gawk-5.0.1-1.tar.xz
2019/12/08 16:13:11 Extracting from file://E:\GoogleCloudSDKInstaller/http%3a%2f%2fcygwin.mirror.constant.com%2f/x86_64/release/coreutils/coreutils-8.26-2.tar.xz
2019/12/08 16:13:13 Extracting from file://E:\GoogleCloudSDKInstaller/http%3a%2f%2fcygwin.mirror.constant.com%2f/x86_64/release/util-linux/libfdisk1/libfdisk1-2.33.1-1.tar.xz
2019/12/08 16:13:13 Extracting from file://E:\GoogleCloudSDKInstaller/http%3a%2f%2fcygwin.mirror.constant.com%2f/x86_64/release/bash/bash-4.4.12-3.tar.xz
2019/12/08 16:13:14 Extracting from file://E:\GoogleCloudSDKInstaller/http%3a%2f%2fcygwin.mirror.constant.com%2f/x86_64/release/util-linux/util-linux-2.33.1-1.tar.xz
2019/12/08 16:13:15 Extracting from file://E:\GoogleCloudSDKInstaller/http%3a%2f%2fcygwin.mirror.constant.com%2f/x86_64/release/tzcode/tzcode-2019c-1.tar.xz
2019/12/08 16:13:16 Extracting from file://E:\GoogleCloudSDKInstaller/http%3a%2f%2fcygwin.mirror.constant.com%2f/x86_64/release/xz/xz-5.2.4-1.tar.xz
2019/12/08 16:13:16 Extracting from file://E:\GoogleCloudSDKInstaller/http%3a%2f%2fcygwin.mirror.constant.com%2f/x86_64/release/gzip/gzip-1.8-1.tar.xz
2019/12/08 16:13:16 Extracting from file://E:\GoogleCloudSDKInstaller/http%3a%2f%2fcygwin.mirror.constant.com%2f/x86_64/release/groff/groff-1.22.4-1.tar.xz
2019/12/08 16:13:25 Extracting from file://E:\GoogleCloudSDKInstaller/http%3a%2f%2fcygwin.mirror.constant.com%2f/x86_64/release/grep/grep-3.0-2.tar.xz
2019/12/08 16:13:25 Extracting from file://E:\GoogleCloudSDKInstaller/http%3a%2f%2fcygwin.mirror.constant.com%2f/x86_64/release/findutils/findutils-4.6.0-1.tar.xz
2019/12/08 16:13:25 Extracting from file://E:\GoogleCloudSDKInstaller/http%3a%2f%2fcygwin.mirror.constant.com%2f/noarch/release/crypto-policies/crypto-policies-20190218-1.tar.xz
2019/12/08 16:13:26 Extracting from file://E:\GoogleCloudSDKInstaller/http%3a%2f%2fcygwin.mirror.constant.com%2f/noarch/release/ca-certificates/ca-certificates-2.32-1.tar.xz
2019/12/08 16:13:26 Extracting from file://E:\GoogleCloudSDKInstaller/http%3a%2f%2fcygwin.mirror.constant.com%2f/x86_64/release/bzip2/bzip2-1.0.8-1.tar.xz
2019/12/08 16:13:26 Extracting from file://E:\GoogleCloudSDKInstaller/http%3a%2f%2fcygwin.mirror.constant.com%2f/x86_64/release/man-db/man-db-2.7.6.1-1.tar.xz
2019/12/08 16:13:28 Extracting from file://E:\GoogleCloudSDKInstaller/http%3a%2f%2fcygwin.mirror.constant.com%2f/x86_64/release/rebase/rebase-4.4.4-1.tar.xz
2019/12/08 16:13:28 Extracting from file://E:\GoogleCloudSDKInstaller/http%3a%2f%2fcygwin.mirror.constant.com%2f/noarch/release/base-files/base-files-4.3-2.tar.xz
2019/12/08 16:13:28 Extracting from file://E:\GoogleCloudSDKInstaller/http%3a%2f%2fcygwin.mirror.constant.com%2f/x86_64/release/openssl/libssl1.1/libssl1.1-1.1.1d-1.tar.xz
2019/12/08 16:13:28 Extracting from file://E:\GoogleCloudSDKInstaller/http%3a%2f%2fcygwin.mirror.constant.com%2f/x86_64/release/tar/tar-1.29-1.tar.xz
2019/12/08 16:13:28 Extracting from file://E:\GoogleCloudSDKInstaller/http%3a%2f%2fcygwin.mirror.constant.com%2f/x86_64/release/openssl/openssl-1.1.1d-1.tar.xz
2019/12/08 16:13:30 Changing gid back to original
2019/12/08 16:13:30 running: E:\cywin64\bin\dash.exe "/etc/postinstall/0p_000_autorebase.dash"
2019/12/08 16:14:31 running: E:\cywin64\bin\dash.exe "/etc/postinstall/0p_update-info-dir.dash"
2019/12/08 16:14:38 running: E:\cywin64\bin\bash.exe --norc --noprofile "/etc/postinstall/000-cygwin-post-install.sh"
2019/12/08 16:14:39 running: E:\cywin64\bin\bash.exe --norc --noprofile "/etc/postinstall/coreutils.sh"
2019/12/08 16:14:40 running: E:\cywin64\bin\bash.exe --norc --noprofile "/etc/postinstall/bash.sh"
2019/12/08 16:14:42 running: E:\cywin64\bin\bash.exe --norc --noprofile "/etc/postinstall/base-files-mketc.sh"
2019/12/08 16:14:44 running: E:\cywin64\bin\bash.exe --norc --noprofile "/etc/postinstall/base-files-profile.sh"
2019/12/08 16:14:51 running: E:\cywin64\bin\bash.exe --norc --noprofile "/etc/postinstall/p11-kit.sh"
2019/12/08 16:14:52 running: E:\cywin64\bin\bash.exe --norc --noprofile "/etc/postinstall/ca-certificates.sh"
2019/12/08 16:14:56 running: E:\cywin64\bin\bash.exe --norc --noprofile "/etc/postinstall/crypto-policies.sh"
2019/12/08 16:15:13 running: E:\cywin64\bin\bash.exe --norc --noprofile "/etc/postinstall/openssl.sh"
2019/12/08 16:15:14 running: E:\cywin64\bin\bash.exe --norc --noprofile "/etc/postinstall/man-db.sh"
2019/12/08 16:15:15 running: E:\cywin64\bin\bash.exe --norc --noprofile "/etc/postinstall/mintty.sh"
2019/12/08 16:15:15 running: E:\cywin64\bin\bash.exe --norc --noprofile "/etc/postinstall/zp_man-db.sh"
2019/12/08 16:15:15 Changing gid to Administrators
2019/12/08 16:15:18 note: Installation Complete
2019/12/08 16:15:18 Ending cygwin install
